<?xml version="1.0" encoding="UTF-8"?>
<!-- Generated by org.testng.reporters.JUnitReportReporter -->
<testsuite hostname="HYPERSPACE" failures="0" tests="5" name="api.test.StoreTests" time="6.220" errors="0" timestamp="2024-08-18T15:07:23 IST" skipped="0">
  <testcase classname="api.test.StoreTests" name="testGetStoreInventory" time="1.058"/>
  <system-out/>
  <testcase classname="api.test.StoreTests" name="testCreateOrderPet" time="1.142"/>
  <system-out/>
  <testcase classname="api.test.StoreTests" name="testGetOrderDetailsById" time="1.107"/>
  <system-out/>
  <testcase classname="api.test.StoreTests" name="testDeleteOrderById" time="1.750"/>
  <system-out/>
  <testcase classname="api.test.StoreTests" name="testDeletedOrderPresence" time="1.163"/>
  <system-out/>
</testsuite> <!-- api.test.StoreTests -->
