<?xml version="1.0" encoding="UTF-8"?>
<!-- Generated by org.testng.reporters.JUnitReportReporter -->
<testsuite hostname="HYPERSPACE" failures="0" tests="4" name="api.test.UserTests" time="7.198" errors="0" timestamp="2024-08-18T15:07:23 IST" skipped="0">
  <testcase classname="api.test.UserTests" name="testPostUser" time="2.664"/>
  <system-out/>
  <testcase classname="api.test.UserTests" name="testGetUserByName" time="1.197"/>
  <system-out/>
  <testcase classname="api.test.UserTests" name="testUpdateUserByName" time="2.297"/>
  <system-out/>
  <testcase classname="api.test.UserTests" name="testDeleteUserByName" time="1.040"/>
  <system-out/>
</testsuite> <!-- api.test.UserTests -->
