<?xml version="1.0" encoding="UTF-8"?>
<!-- Generated by org.testng.reporters.JUnitReportReporter -->
<testsuite hostname="HYPERSPACE" failures="0" tests="6" name="api.test.DDTests" time="9.750" errors="0" timestamp="2024-08-18T13:51:13 IST" skipped="0">
  <testcase classname="api.test.DDTests" name="testPostuser" time="2.912"/>
  <system-out/>
  <testcase classname="api.test.DDTests" name="testPostuser" time="1.359"/>
  <system-out/>
  <testcase classname="api.test.DDTests" name="testPostuser" time="1.393"/>
  <system-out/>
  <testcase classname="api.test.DDTests" name="testDeleteUserByName" time="1.348"/>
  <system-out/>
  <testcase classname="api.test.DDTests" name="testDeleteUserByName" time="1.420"/>
  <system-out/>
  <testcase classname="api.test.DDTests" name="testDeleteUserByName" time="1.318"/>
  <system-out/>
</testsuite> <!-- api.test.DDTests -->
