<?xml version="1.0" encoding="UTF-8"?>
<!-- Generated by org.testng.reporters.JUnitReportReporter -->
<testsuite hostname="HYPERSPACE" failures="0" tests="4" name="api.test.UserTests" time="6.950" errors="0" timestamp="2024-08-18T12:59:18 IST" skipped="0">
  <testcase classname="api.test.UserTests" name="testPostUser" time="2.616"/>
  <system-out/>
  <testcase classname="api.test.UserTests" name="testGetUserByName" time="1.077"/>
  <system-out/>
  <testcase classname="api.test.UserTests" name="testUpdateUserByName" time="2.171"/>
  <system-out/>
  <testcase classname="api.test.UserTests" name="testDeleteUserByName" time="1.086"/>
  <system-out/>
</testsuite> <!-- api.test.UserTests -->
