<?xml version="1.0" encoding="UTF-8"?>
<!-- Generated by org.testng.reporters.JUnitReportReporter -->
<testsuite hostname="HYPERSPACE" failures="0" tests="6" name="api.test.DDTests" time="8.184" errors="0" timestamp="2024-08-18T12:59:03 IST" skipped="0">
  <testcase classname="api.test.DDTests" name="testPostuser" time="2.643"/>
  <system-out/>
  <testcase classname="api.test.DDTests" name="testPostuser" time="1.119"/>
  <system-out/>
  <testcase classname="api.test.DDTests" name="testPostuser" time="1.115"/>
  <system-out/>
  <testcase classname="api.test.DDTests" name="testDeleteUserByName" time="1.078"/>
  <system-out/>
  <testcase classname="api.test.DDTests" name="testDeleteUserByName" time="1.170"/>
  <system-out/>
  <testcase classname="api.test.DDTests" name="testDeleteUserByName" time="1.059"/>
  <system-out/>
</testsuite> <!-- api.test.DDTests -->
