<?xml version="1.0" encoding="UTF-8"?>
<!-- Generated by org.testng.reporters.JUnitReportReporter -->
<testsuite hostname="HYPERSPACE" failures="0" tests="4" name="api.test.UserTests2" time="6.964" errors="0" timestamp="2024-08-18T13:04:13 IST" skipped="0">
  <testcase classname="api.test.UserTests2" name="testPostUser" time="2.712"/>
  <system-out/>
  <testcase classname="api.test.UserTests2" name="testGetUserByName" time="1.083"/>
  <system-out/>
  <testcase classname="api.test.UserTests2" name="testUpdateUserByName" time="2.101"/>
  <system-out/>
  <testcase classname="api.test.UserTests2" name="testDeleteUserByName" time="1.068"/>
  <system-out/>
</testsuite> <!-- api.test.UserTests2 -->
